# sending initial command ''
#  got :  :
#  got : Grbl 1.1f ['$' for help]
# Grbl 1.1f ['$' for help]


#### [5m[31mREADY TO CUT, REMOVE PROBE AND PRESS ENTER TO CONTINUE[0m
homing ....
# sending '$H'
#  got : [MSG:'$H'|'$X' to unlock] :
#  got: ok
# ok

homing done.n# sending 'S8000.00000000'
#  got : ok :
# ok

# sending 'M03'
#  got : ok :
# ok

('## sending:', 'G0 Z-1.00000000')
# sending 'G0 Z-1.00000000'
#  got : ok :
# ok

### got: ok

('## sending:', 'G0 X-83.71600 Y-156.78000  F20.00000000')
# sending 'G0 X-83.71600 Y-156.78000  F20.00000000'
#  got : ok :
# ok

### got: ok

('## sending:', 'G0 Z-17.00000000 F50.00000000')
# sending 'G0 Z-17.00000000 F50.00000000'
#  got : ok :
# ok

### got: ok

('## sending:', 'G1 Z-17.00000000 F20.00000000')
# sending 'G1 Z-17.00000000 F20.00000000'
#  got : ok :
# ok

### got: ok

('## sending:', 'G1 X-83.71600 Y-156.78000  F20.00000000')
# sending 'G1 X-83.71600 Y-156.78000  F20.00000000'
#  got : ok :
# ok

### got: ok

('## sending:', 'G1 X-39.52000 Y-156.78000  F20.00000000')
# sending 'G1 X-39.52000 Y-156.78000  F20.00000000'
#  got : ok :
# ok

### got: ok

('## sending:', 'G1 X-39.52000 Y-130.99899  F20.00000000')
# sending 'G1 X-39.52000 Y-130.99899  F20.00000000'
#  got : ok :
# ok

### got: ok

('## sending:', 'G1 X-83.71600 Y-130.99899  F20.00000000')
# sending 'G1 X-83.71600 Y-130.99899  F20.00000000'
#  got : ok :
# ok

### got: ok

('## sending:', 'G1 X-83.71600 Y-156.78000  F20.00000000')
# sending 'G1 X-83.71600 Y-156.78000  F20.00000000'
#  got : ok :
# ok

### got: ok

('## sending:', 'G1 Z-17.40000000 F20.00000000')
# sending 'G1 Z-17.40000000 F20.00000000'
#  got : ok :
# ok

### got: ok

('## sending:', 'G1 X-83.71600 Y-156.78000  F20.00000000')
# sending 'G1 X-83.71600 Y-156.78000  F20.00000000'
#  got : ok :
# ok

### got: ok

('## sending:', 'G1 X-39.52000 Y-156.78000  F20.00000000')
# sending 'G1 X-39.52000 Y-156.78000  F20.00000000'
#  got : ok :
# ok

### got: ok

('## sending:', 'G1 X-39.52000 Y-130.99899  F20.00000000')
# sending 'G1 X-39.52000 Y-130.99899  F20.00000000'
#  got : ok :
# ok

### got: ok

('## sending:', 'G1 X-83.71600 Y-130.99899  F20.00000000')
# sending 'G1 X-83.71600 Y-130.99899  F20.00000000'
#  got : ok :
# ok

### got: ok

('## sending:', 'G1 X-83.71600 Y-156.78000  F20.00000000')
# sending 'G1 X-83.71600 Y-156.78000  F20.00000000'
#  got : ok :
# ok

### got: ok

('## sending:', 'G1 Z-17.80000000 F20.00000000')
# sending 'G1 Z-17.80000000 F20.00000000'
#  got : ok :
# ok

### got: ok

('## sending:', 'G1 X-83.71600 Y-156.78000  F20.00000000')
# sending 'G1 X-83.71600 Y-156.78000  F20.00000000'
#  got : ok :
# ok

### got: ok

('## sending:', 'G1 X-39.52000 Y-156.78000  F20.00000000')
# sending 'G1 X-39.52000 Y-156.78000  F20.00000000'
#  got : ok :
# ok

### got: ok

('## sending:', 'G1 X-39.52000 Y-130.99899  F20.00000000')
# sending 'G1 X-39.52000 Y-130.99899  F20.00000000'
#  got : ok :
# ok

### got: ok

('## sending:', 'G1 X-83.71600 Y-130.99899  F20.00000000')
# sending 'G1 X-83.71600 Y-130.99899  F20.00000000'
#  got : ok :
# ok

### got: ok

('## sending:', 'G1 X-83.71600 Y-156.78000  F20.00000000')
# sending 'G1 X-83.71600 Y-156.78000  F20.00000000'
#  got : ok :
# ok

### got: ok

('## sending:', 'G1 Z-18.20000000 F20.00000000')
# sending 'G1 Z-18.20000000 F20.00000000'
#  got : ok :
# ok

### got: ok

('## sending:', 'G1 X-83.71600 Y-156.78000  F20.00000000')
# sending 'G1 X-83.71600 Y-156.78000  F20.00000000'
#  got : ok :
# ok

### got: ok

('## sending:', 'G1 X-39.52000 Y-156.78000  F20.00000000')
# sending 'G1 X-39.52000 Y-156.78000  F20.00000000'
#  got : ok :
# ok

### got: ok

('## sending:', 'G1 X-39.52000 Y-130.99899  F20.00000000')
# sending 'G1 X-39.52000 Y-130.99899  F20.00000000'
#  got : ok :
# ok

### got: ok

('## sending:', 'G1 X-83.71600 Y-130.99899  F20.00000000')
# sending 'G1 X-83.71600 Y-130.99899  F20.00000000'
#  got : ok :
# ok

### got: ok

('## sending:', 'G1 X-83.71600 Y-156.78000  F20.00000000')
# sending 'G1 X-83.71600 Y-156.78000  F20.00000000'
#  got : ok :
# ok

### got: ok

('## sending:', 'G1 Z-18.60000000 F20.00000000')
# sending 'G1 Z-18.60000000 F20.00000000'
#  got : ok :
# ok

### got: ok

('## sending:', 'G1 X-83.71600 Y-156.78000  F20.00000000')
# sending 'G1 X-83.71600 Y-156.78000  F20.00000000'
#  got : ok :
# ok

### got: ok

('## sending:', 'G1 X-39.52000 Y-156.78000  F20.00000000')
# sending 'G1 X-39.52000 Y-156.78000  F20.00000000'
#  got : ok :
# ok

### got: ok

('## sending:', 'G1 X-39.52000 Y-130.99899  F20.00000000')
# sending 'G1 X-39.52000 Y-130.99899  F20.00000000'
#  got : ok :
# ok

### got: ok

('## sending:', 'G1 X-83.71600 Y-130.99899  F20.00000000')
# sending 'G1 X-83.71600 Y-130.99899  F20.00000000'
#  got : ok :
# ok

### got: ok

('## sending:', 'G1 X-83.71600 Y-156.78000  F20.00000000')
# sending 'G1 X-83.71600 Y-156.78000  F20.00000000'
#  got : ok :
# ok

### got: ok

('## sending:', 'G1 Z-19.00000000 F20.00000000')
# sending 'G1 Z-19.00000000 F20.00000000'
#  got : ok :
# ok

### got: ok

('## sending:', 'G1 X-83.71600 Y-156.78000  F20.00000000')
# sending 'G1 X-83.71600 Y-156.78000  F20.00000000'
#  got : ok :
# ok

### got: ok

('## sending:', 'G1 X-39.52000 Y-156.78000  F20.00000000')
# sending 'G1 X-39.52000 Y-156.78000  F20.00000000'
#  got : ok :
# ok

### got: ok

('## sending:', 'G1 X-39.52000 Y-130.99899  F20.00000000')
# sending 'G1 X-39.52000 Y-130.99899  F20.00000000'
#  got : ok :
# ok

### got: ok

('## sending:', 'G1 X-83.71600 Y-130.99899  F20.00000000')
# sending 'G1 X-83.71600 Y-130.99899  F20.00000000'
#  got : ok :
# ok

### got: ok

('## sending:', 'G1 X-83.71600 Y-156.78000  F20.00000000')
# sending 'G1 X-83.71600 Y-156.78000  F20.00000000'
#  got : ok :
# ok

### got: ok

('## sending:', 'G1 Z-19.40000000 F20.00000000')
# sending 'G1 Z-19.40000000 F20.00000000'
#  got : ok :
# ok

### got: ok

('## sending:', 'G1 X-83.71600 Y-156.78000  F20.00000000')
# sending 'G1 X-83.71600 Y-156.78000  F20.00000000'
#  got : ok :
# ok

### got: ok

('## sending:', 'G1 X-39.52000 Y-156.78000  F20.00000000')
# sending 'G1 X-39.52000 Y-156.78000  F20.00000000'
#  got : ok :
# ok

### got: ok

('## sending:', 'G1 X-39.52000 Y-130.99899  F20.00000000')
# sending 'G1 X-39.52000 Y-130.99899  F20.00000000'
#  got : ok :
# ok

### got: ok

('## sending:', 'G1 X-83.71600 Y-130.99899  F20.00000000')
# sending 'G1 X-83.71600 Y-130.99899  F20.00000000'
#  got : ok :
# ok

### got: ok

('## sending:', 'G1 X-83.71600 Y-156.78000  F20.00000000')
# sending 'G1 X-83.71600 Y-156.78000  F20.00000000'
#  got : ok :
# ok

### got: ok

('## sending:', 'G1 Z-19.80000000 F20.00000000')
# sending 'G1 Z-19.80000000 F20.00000000'
#  got : ok :
# ok

### got: ok

('## sending:', 'G1 X-83.71600 Y-156.78000  F20.00000000')
# sending 'G1 X-83.71600 Y-156.78000  F20.00000000'
#  got : ok :
# ok

### got: ok

('## sending:', 'G1 X-39.52000 Y-156.78000  F20.00000000')
# sending 'G1 X-39.52000 Y-156.78000  F20.00000000'
#  got : ok :
# ok

### got: ok

('## sending:', 'G1 X-39.52000 Y-130.99899  F20.00000000')
# sending 'G1 X-39.52000 Y-130.99899  F20.00000000'
#  got : ok :
# ok

### got: ok

('## sending:', 'G1 X-83.71600 Y-130.99899  F20.00000000')
# sending 'G1 X-83.71600 Y-130.99899  F20.00000000'
#  got : ok :
# ok

### got: ok

('## sending:', 'G1 X-83.71600 Y-156.78000  F20.00000000')
# sending 'G1 X-83.71600 Y-156.78000  F20.00000000'
#  got : ok :
# ok

### got: ok

('## sending:', 'G1 Z-20.20000000 F20.00000000')
# sending 'G1 Z-20.20000000 F20.00000000'
#  got : ok :
# ok

### got: ok

('## sending:', 'G1 X-83.71600 Y-156.78000  F20.00000000')
# sending 'G1 X-83.71600 Y-156.78000  F20.00000000'
#  got : ok :
# ok

### got: ok

('## sending:', 'G1 X-39.52000 Y-156.78000  F20.00000000')
# sending 'G1 X-39.52000 Y-156.78000  F20.00000000'
#  got : ok :
# ok

### got: ok

('## sending:', 'G1 X-39.52000 Y-130.99899  F20.00000000')
# sending 'G1 X-39.52000 Y-130.99899  F20.00000000'
#  got : ok :
# ok

### got: ok

('## sending:', 'G1 X-83.71600 Y-130.99899  F20.00000000')
# sending 'G1 X-83.71600 Y-130.99899  F20.00000000'
#  got : ok :
# ok

### got: ok

('## sending:', 'G1 X-83.71600 Y-156.78000  F20.00000000')
# sending 'G1 X-83.71600 Y-156.78000  F20.00000000'
#  got : ok :
# ok

### got: ok

('## sending:', 'G1 Z-20.60000000 F20.00000000')
# sending 'G1 Z-20.60000000 F20.00000000'
#  got : ok :
# ok

### got: ok

('## sending:', 'G1 X-83.71600 Y-156.78000  F20.00000000')
# sending 'G1 X-83.71600 Y-156.78000  F20.00000000'
#  got : ok :
# ok

### got: ok

('## sending:', 'G1 X-39.52000 Y-156.78000  F20.00000000')
# sending 'G1 X-39.52000 Y-156.78000  F20.00000000'
#  got : ok :
# ok

### got: ok

('## sending:', 'G1 X-39.52000 Y-130.99899  F20.00000000')
# sending 'G1 X-39.52000 Y-130.99899  F20.00000000'
#  got : ok :
# ok

### got: ok

('## sending:', 'G1 X-83.71600 Y-130.99899  F20.00000000')
# sending 'G1 X-83.71600 Y-130.99899  F20.00000000'
#  got : ok :
# ok

### got: ok

('## sending:', 'G1 X-83.71600 Y-156.78000  F20.00000000')
# sending 'G1 X-83.71600 Y-156.78000  F20.00000000'
#  got : ok :
# ok

### got: ok

('## sending:', 'G1 Z-21.00000000 F20.00000000')
# sending 'G1 Z-21.00000000 F20.00000000'
#  got : ok :
# ok

### got: ok

('## sending:', 'G1 X-83.71600 Y-156.78000  F20.00000000')
# sending 'G1 X-83.71600 Y-156.78000  F20.00000000'
#  got : ok :
# ok

### got: ok

('## sending:', 'G1 X-39.52000 Y-156.78000  F20.00000000')
# sending 'G1 X-39.52000 Y-156.78000  F20.00000000'
#  got : ok :
# ok

### got: ok

('## sending:', 'G1 X-39.52000 Y-130.99899  F20.00000000')
# sending 'G1 X-39.52000 Y-130.99899  F20.00000000'
#  got : ok :
# ok

### got: ok

('## sending:', 'G1 X-83.71600 Y-130.99899  F20.00000000')
# sending 'G1 X-83.71600 Y-130.99899  F20.00000000'
#  got : ok :
# ok

### got: ok

('## sending:', 'G1 X-83.71600 Y-156.78000  F20.00000000')
# sending 'G1 X-83.71600 Y-156.78000  F20.00000000'
#  got : ok :
# ok

### got: ok

('## sending:', 'G1 Z-21.40000000 F20.00000000')
# sending 'G1 Z-21.40000000 F20.00000000'
#  got : ok :
# ok

### got: ok

('## sending:', 'G1 X-83.71600 Y-156.78000  F20.00000000')
# sending 'G1 X-83.71600 Y-156.78000  F20.00000000'
#  got : ok :
# ok

### got: ok

('## sending:', 'G1 X-39.52000 Y-156.78000  F20.00000000')
# sending 'G1 X-39.52000 Y-156.78000  F20.00000000'
#  got : ok :
# ok

### got: ok

('## sending:', 'G1 X-39.52000 Y-130.99899  F20.00000000')
# sending 'G1 X-39.52000 Y-130.99899  F20.00000000'
#  got : ok :
# ok

### got: ok

('## sending:', 'G1 X-83.71600 Y-130.99899  F20.00000000')
# sending 'G1 X-83.71600 Y-130.99899  F20.00000000'
#  got : ok :
# ok

### got: ok

('## sending:', 'G1 X-83.71600 Y-156.78000  F20.00000000')
